<?xml version="1.0" encoding="UTF-8"?>
<!-- Generated by org.testng.reporters.JUnitXMLReporter -->
<testsuite ignored="0" hostname="LAPTOP-JFLCKDKP" failures="0" tests="3" name="Default test" time="19.055" errors="0" timestamp="2023-01-21T12:38:33 EST">
  <testcase classname="io.cucumber.testng.AbstractTestNGCucumberTests" name="runScenario" time="3.316"/>
  <testcase classname="NewTest" name="f" time="0.001"/>
  <testcase classname="runner.udhayTestNG" name="scenario" time="15.056"/>
</testsuite> <!-- Default test -->
