<?xml version="1.0" encoding="UTF-8"?>
<!-- Generated by org.testng.reporters.JUnitXMLReporter -->
<testsuite hostname="LAPTOP-JFLCKDKP" ignored="0" name="Default test" tests="3" failures="0" timestamp="2022-11-06T11:45:26 EST" time="23.784" errors="0">
  <testcase name="runScenario" time="12.419" classname="io.cucumber.testng.AbstractTestNGCucumberTests"/>
  <testcase name="f" time="0.001" classname="NewTest"/>
  <testcase name="scenario" time="10.21" classname="runner.udhayTestNG"/>
</testsuite> <!-- Default test -->
