<?xml version="1.0" encoding="UTF-8"?>
<testng-results ignored="0" total="2" passed="2" failed="0" skipped="0">
  <reporter-output>
  </reporter-output>
  <suite started-at="2023-01-21T17:42:44Z" name="Surefire suite" finished-at="2023-01-21T17:42:52Z" duration-ms="7725">
    <groups>
    </groups>
    <test started-at="2023-01-21T17:42:44Z" name="Surefire test" finished-at="2023-01-21T17:42:52Z" duration-ms="7725">
      <class name="runner.udhayTestNG">
        <test-method is-config="true" signature="setUpClasss()[pri:0, instance:runner.udhayTestNG@1573f9fc]" started-at="2023-01-21T17:42:44Z" name="setUpClasss" finished-at="2023-01-21T17:42:45Z" duration-ms="540" status="PASS">
          <reporter-output>
          </reporter-output>
        </test-method> <!-- setUpClasss -->
        <test-method signature="scenario(io.cucumber.testng.PickleWrapper, io.cucumber.testng.FeatureWrapper)[pri:0, instance:runner.udhayTestNG@1573f9fc]" started-at="2023-01-21T17:42:45Z" name="scenario" description="Runs cucumber Scenarios" data-provider="scenarios" finished-at="2023-01-21T17:42:50Z" duration-ms="4691" status="PASS">
          <params>
            <param index="0">
              <value>
                <![CDATA["to open google home page and enter google"]]>
              </value>
            </param>
            <param index="1">
              <value>
                <![CDATA["Optional[to open google home page]"]]>
              </value>
            </param>
          </params>
          <reporter-output>
          </reporter-output>
        </test-method> <!-- scenario -->
        <test-method signature="scenario(io.cucumber.testng.PickleWrapper, io.cucumber.testng.FeatureWrapper)[pri:0, instance:runner.udhayTestNG@1573f9fc]" started-at="2023-01-21T17:42:50Z" name="scenario" description="Runs cucumber Scenarios" data-provider="scenarios" finished-at="2023-01-21T17:42:52Z" duration-ms="2337" status="PASS">
          <params>
            <param index="0">
              <value>
                <![CDATA["to open google home page and enter google1"]]>
              </value>
            </param>
            <param index="1">
              <value>
                <![CDATA["Optional[to open google home page]"]]>
              </value>
            </param>
          </params>
          <reporter-output>
          </reporter-output>
        </test-method> <!-- scenario -->
        <test-method is-config="true" signature="tearDownClass()[pri:0, instance:runner.udhayTestNG@1573f9fc]" started-at="2023-01-21T17:42:52Z" name="tearDownClass" finished-at="2023-01-21T17:42:52Z" duration-ms="126" status="PASS">
          <reporter-output>
          </reporter-output>
        </test-method> <!-- tearDownClass -->
      </class> <!-- runner.udhayTestNG -->
    </test> <!-- Surefire test -->
  </suite> <!-- Surefire suite -->
</testng-results>
