<?xml version="1.0" encoding="UTF-8"?>
<testng-results skipped="0" failed="0" ignored="0" total="1" passed="1">
  <reporter-output>
  </reporter-output>
  <suite name="Surefire suite" duration-ms="12979" started-at="2022-11-06T16:42:04Z" finished-at="2022-11-06T16:42:17Z">
    <groups>
    </groups>
    <test name="Surefire test" duration-ms="12979" started-at="2022-11-06T16:42:04Z" finished-at="2022-11-06T16:42:17Z">
      <class name="runner.udhayTestNG">
        <test-method status="PASS" signature="setUpClasss()[pri:0, instance:runner.udhayTestNG@1b604f19]" name="setUpClasss" is-config="true" duration-ms="706" started-at="2022-11-06T16:42:04Z" finished-at="2022-11-06T16:42:04Z">
          <reporter-output>
          </reporter-output>
        </test-method> <!-- setUpClasss -->
        <test-method status="PASS" signature="scenario(io.cucumber.testng.PickleWrapper, io.cucumber.testng.FeatureWrapper)[pri:0, instance:runner.udhayTestNG@1b604f19]" name="scenario" duration-ms="12120" started-at="2022-11-06T16:42:04Z" description="Runs cucumber Scenarios" data-provider="scenarios" finished-at="2022-11-06T16:42:16Z">
          <params>
            <param index="0">
              <value>
                <![CDATA["to open google home page and enter google"]]>
              </value>
            </param>
            <param index="1">
              <value>
                <![CDATA["Optional[to open google home page]"]]>
              </value>
            </param>
          </params>
          <reporter-output>
          </reporter-output>
        </test-method> <!-- scenario -->
        <test-method status="PASS" signature="tearDownClass()[pri:0, instance:runner.udhayTestNG@1b604f19]" name="tearDownClass" is-config="true" duration-ms="109" started-at="2022-11-06T16:42:16Z" finished-at="2022-11-06T16:42:17Z">
          <reporter-output>
          </reporter-output>
        </test-method> <!-- tearDownClass -->
      </class> <!-- runner.udhayTestNG -->
    </test> <!-- Surefire test -->
  </suite> <!-- Surefire suite -->
</testng-results>
