<?xml version="1.0" encoding="UTF-8"?>
<testng-results ignored="0" total="3" passed="3" failed="0" skipped="0">
  <reporter-output>
  </reporter-output>
  <suite started-at="2023-01-21T12:38:14 EST" name="Default suite" finished-at="2023-01-21T12:38:33 EST" duration-ms="19055">
    <groups>
      <group name="cucumber">
        <method signature="AbstractTestNGCucumberTests.runScenario(io.cucumber.testng.PickleWrapper,io.cucumber.testng.FeatureWrapper)[pri:0, instance:runner.TestNgRunner@4b8d604b]" name="runScenario" class="io.cucumber.testng.AbstractTestNGCucumberTests"/>
      </group> <!-- cucumber -->
    </groups>
    <test started-at="2023-01-21T12:38:14 EST" name="Default test" finished-at="2023-01-21T12:38:33 EST" duration-ms="19055">
      <class name="runner.TestNgRunner">
        <test-method is-config="true" signature="setUpClass()[pri:0, instance:runner.TestNgRunner@4b8d604b]" started-at="2023-01-21T12:38:14 EST" name="setUpClass" finished-at="2023-01-21T12:38:14 EST" duration-ms="480" status="PASS">
          <reporter-output>
          </reporter-output>
        </test-method> <!-- setUpClass -->
        <test-method signature="runScenario(io.cucumber.testng.PickleWrapper,io.cucumber.testng.FeatureWrapper)[pri:0, instance:runner.TestNgRunner@4b8d604b]" started-at="2023-01-21T12:38:14 EST" name="runScenario" description="Runs Cucumber Scenarios" data-provider="scenarios" finished-at="2023-01-21T12:38:17 EST" duration-ms="3316" status="PASS">
          <params>
            <param index="0">
              <value>
                <![CDATA["to open google home page and enter google"]]>
              </value>
            </param>
            <param index="1">
              <value>
                <![CDATA["Optional[to open google home page]"]]>
              </value>
            </param>
          </params>
          <reporter-output>
          </reporter-output>
        </test-method> <!-- runScenario -->
        <test-method is-config="true" signature="tearDownClass()[pri:0, instance:runner.TestNgRunner@4b8d604b]" started-at="2023-01-21T12:38:17 EST" name="tearDownClass" finished-at="2023-01-21T12:38:18 EST" duration-ms="108" status="PASS">
          <reporter-output>
          </reporter-output>
        </test-method> <!-- tearDownClass -->
      </class> <!-- runner.TestNgRunner -->
      <class name="NewTest">
        <test-method signature="f()[pri:0, instance:NewTest@4d14b6c2]" started-at="2023-01-21T12:38:18 EST" name="f" finished-at="2023-01-21T12:38:18 EST" duration-ms="1" status="PASS">
          <reporter-output>
          </reporter-output>
        </test-method> <!-- f -->
      </class> <!-- NewTest -->
      <class name="runner.udhayTestNG">
        <test-method is-config="true" signature="setUpClasss()[pri:0, instance:runner.udhayTestNG@7e990ed7]" started-at="2023-01-21T12:38:18 EST" name="setUpClasss" finished-at="2023-01-21T12:38:18 EST" duration-ms="18" status="PASS">
          <reporter-output>
          </reporter-output>
        </test-method> <!-- setUpClasss -->
        <test-method signature="scenario(io.cucumber.testng.PickleWrapper,io.cucumber.testng.FeatureWrapper)[pri:0, instance:runner.udhayTestNG@7e990ed7]" started-at="2023-01-21T12:38:18 EST" name="scenario" description="Runs cucumber Scenarios" data-provider="scenarios" finished-at="2023-01-21T12:38:33 EST" duration-ms="15056" status="PASS">
          <params>
            <param index="0">
              <value>
                <![CDATA["to open google home page and enter google"]]>
              </value>
            </param>
            <param index="1">
              <value>
                <![CDATA["Optional[to open google home page]"]]>
              </value>
            </param>
          </params>
          <reporter-output>
          </reporter-output>
        </test-method> <!-- scenario -->
        <test-method is-config="true" signature="tearDownClass()[pri:0, instance:runner.udhayTestNG@7e990ed7]" started-at="2023-01-21T12:38:33 EST" name="tearDownClass" finished-at="2023-01-21T12:38:33 EST" duration-ms="23" status="PASS">
          <reporter-output>
          </reporter-output>
        </test-method> <!-- tearDownClass -->
      </class> <!-- runner.udhayTestNG -->
    </test> <!-- Default test -->
  </suite> <!-- Default suite -->
</testng-results>
