<?xml version="1.0" encoding="UTF-8"?>
<testng-results skipped="0" failed="0" ignored="0" total="3" passed="3">
  <reporter-output>
  </reporter-output>
  <suite name="Default suite" duration-ms="23784" started-at="2022-11-06T11:45:02 EST" finished-at="2022-11-06T11:45:26 EST">
    <groups>
      <group name="cucumber">
        <method signature="AbstractTestNGCucumberTests.runScenario(io.cucumber.testng.PickleWrapper,io.cucumber.testng.FeatureWrapper)[pri:0, instance:runner.TestNgRunner@276438c9]" name="runScenario" class="io.cucumber.testng.AbstractTestNGCucumberTests"/>
      </group> <!-- cucumber -->
    </groups>
    <test name="Default test" duration-ms="23784" started-at="2022-11-06T11:45:02 EST" finished-at="2022-11-06T11:45:26 EST">
      <class name="runner.TestNgRunner">
        <test-method status="PASS" signature="setUpClass()[pri:0, instance:runner.TestNgRunner@276438c9]" name="setUpClass" is-config="true" duration-ms="748" started-at="2022-11-06T11:45:02 EST" finished-at="2022-11-06T11:45:03 EST">
          <reporter-output>
          </reporter-output>
        </test-method> <!-- setUpClass -->
        <test-method status="PASS" signature="runScenario(io.cucumber.testng.PickleWrapper,io.cucumber.testng.FeatureWrapper)[pri:0, instance:runner.TestNgRunner@276438c9]" name="runScenario" duration-ms="12419" started-at="2022-11-06T11:45:03 EST" description="Runs Cucumber Scenarios" data-provider="scenarios" finished-at="2022-11-06T11:45:15 EST">
          <params>
            <param index="0">
              <value>
                <![CDATA["to open google home page and enter google"]]>
              </value>
            </param>
            <param index="1">
              <value>
                <![CDATA["Optional[to open google home page]"]]>
              </value>
            </param>
          </params>
          <reporter-output>
          </reporter-output>
        </test-method> <!-- runScenario -->
        <test-method status="PASS" signature="tearDownClass()[pri:0, instance:runner.TestNgRunner@276438c9]" name="tearDownClass" is-config="true" duration-ms="228" started-at="2022-11-06T11:45:15 EST" finished-at="2022-11-06T11:45:15 EST">
          <reporter-output>
          </reporter-output>
        </test-method> <!-- tearDownClass -->
      </class> <!-- runner.TestNgRunner -->
      <class name="NewTest">
        <test-method status="PASS" signature="f()[pri:0, instance:NewTest@5cdd8682]" name="f" duration-ms="1" started-at="2022-11-06T11:45:15 EST" finished-at="2022-11-06T11:45:15 EST">
          <reporter-output>
          </reporter-output>
        </test-method> <!-- f -->
      </class> <!-- NewTest -->
      <class name="runner.udhayTestNG">
        <test-method status="PASS" signature="setUpClasss()[pri:0, instance:runner.udhayTestNG@d6da883]" name="setUpClasss" is-config="true" duration-ms="29" started-at="2022-11-06T11:45:15 EST" finished-at="2022-11-06T11:45:16 EST">
          <reporter-output>
          </reporter-output>
        </test-method> <!-- setUpClasss -->
        <test-method status="PASS" signature="scenario(io.cucumber.testng.PickleWrapper,io.cucumber.testng.FeatureWrapper)[pri:0, instance:runner.udhayTestNG@d6da883]" name="scenario" duration-ms="10210" started-at="2022-11-06T11:45:16 EST" description="Runs cucumber Scenarios" data-provider="scenarios" finished-at="2022-11-06T11:45:26 EST">
          <params>
            <param index="0">
              <value>
                <![CDATA["to open google home page and enter google"]]>
              </value>
            </param>
            <param index="1">
              <value>
                <![CDATA["Optional[to open google home page]"]]>
              </value>
            </param>
          </params>
          <reporter-output>
          </reporter-output>
        </test-method> <!-- scenario -->
        <test-method status="PASS" signature="tearDownClass()[pri:0, instance:runner.udhayTestNG@d6da883]" name="tearDownClass" is-config="true" duration-ms="58" started-at="2022-11-06T11:45:26 EST" finished-at="2022-11-06T11:45:26 EST">
          <reporter-output>
          </reporter-output>
        </test-method> <!-- tearDownClass -->
      </class> <!-- runner.udhayTestNG -->
    </test> <!-- Default test -->
  </suite> <!-- Default suite -->
</testng-results>
